[2026-03-18T11:00:20.400+0000] {taskinstance.py:1159} INFO - Dependencies all met for dep_context=non-requeueable deps ti=<TaskInstance: Manar_Retail_Warehouse_V1.build_retail_data_warehouse manual__2026-03-18T10:55:14.634299+00:00 [queued]>
[2026-03-18T11:00:20.415+0000] {taskinstance.py:1159} INFO - Dependencies all met for dep_context=requeueable deps ti=<TaskInstance: Manar_Retail_Warehouse_V1.build_retail_data_warehouse manual__2026-03-18T10:55:14.634299+00:00 [queued]>
[2026-03-18T11:00:20.416+0000] {taskinstance.py:1361} INFO - Starting attempt 2 of 2
[2026-03-18T11:00:20.453+0000] {taskinstance.py:1382} INFO - Executing <Task(PythonOperator): build_retail_data_warehouse> on 2026-03-18 10:55:14.634299+00:00
[2026-03-18T11:00:20.468+0000] {standard_task_runner.py:57} INFO - Started process 136 to run task
[2026-03-18T11:00:20.482+0000] {standard_task_runner.py:84} INFO - Running: ['***', 'tasks', 'run', 'Manar_Retail_Warehouse_V1', 'build_retail_data_warehouse', 'manual__2026-03-18T10:55:14.634299+00:00', '--job-id', '21', '--raw', '--subdir', 'DAGS_FOLDER/DAG.py', '--cfg-path', '/tmp/tmpnedzkmh6']
[2026-03-18T11:00:20.492+0000] {standard_task_runner.py:85} INFO - Job 21: Subtask build_retail_data_warehouse
[2026-03-18T11:00:20.758+0000] {task_command.py:416} INFO - Running <TaskInstance: Manar_Retail_Warehouse_V1.build_retail_data_warehouse manual__2026-03-18T10:55:14.634299+00:00 [running]> on host ***-worker
[2026-03-18T11:00:21.340+0000] {taskinstance.py:1662} INFO - Exporting env vars: AIRFLOW_CTX_DAG_OWNER='Manar_ALtyp' AIRFLOW_CTX_DAG_ID='Manar_Retail_Warehouse_V1' AIRFLOW_CTX_TASK_ID='build_retail_data_warehouse' AIRFLOW_CTX_EXECUTION_DATE='2026-03-18T10:55:14.634299+00:00' AIRFLOW_CTX_TRY_NUMBER='2' AIRFLOW_CTX_DAG_RUN_ID='manual__2026-03-18T10:55:14.634299+00:00'
[2026-03-18T11:00:21.344+0000] {logging_mixin.py:154} INFO - Warning: File sales_2025_01.csv not found!
[2026-03-18T11:00:21.345+0000] {logging_mixin.py:154} INFO - Warning: File sales_2025_02.csv not found!
[2026-03-18T11:00:21.347+0000] {logging_mixin.py:154} INFO - Warning: File sales_2025_03.csv not found!
[2026-03-18T11:00:21.348+0000] {taskinstance.py:1937} ERROR - Task failed with exception
Traceback (most recent call last):
  File "/home/airflow/.local/lib/python3.11/site-packages/airflow/operators/python.py", line 192, in execute
    return_value = self.execute_callable()
                   ^^^^^^^^^^^^^^^^^^^^^^^
  File "/home/airflow/.local/lib/python3.11/site-packages/airflow/operators/python.py", line 209, in execute_callable
    return self.python_callable(*self.op_args, **self.op_kwargs)
           ^^^^^^^^^^^^^^^^^^^^^^^^^^^^^^^^^^^^^^^^^^^^^^^^^^^^^
  File "/opt/airflow/dags/DAG.py", line 24, in run_retail_etl_process
    raise Exception("No CSV files found to process!")
Exception: No CSV files found to process!
[2026-03-18T11:00:21.446+0000] {taskinstance.py:1400} INFO - Marking task as FAILED. dag_id=Manar_Retail_Warehouse_V1, task_id=build_retail_data_warehouse, execution_date=20260318T105514, start_date=20260318T110020, end_date=20260318T110021
[2026-03-18T11:00:21.487+0000] {standard_task_runner.py:104} ERROR - Failed to execute job 21 for task build_retail_data_warehouse (No CSV files found to process!; 136)
[2026-03-18T11:00:21.530+0000] {local_task_job_runner.py:228} INFO - Task exited with return code 1
[2026-03-18T11:00:21.616+0000] {taskinstance.py:2778} INFO - 0 downstream tasks scheduled from follow-on schedule check
