[2026-03-18T10:22:59.551+0000] {taskinstance.py:1159} INFO - Dependencies all met for dep_context=non-requeueable deps ti=<TaskInstance: Manar_Retail_Warehouse_V1.build_retail_data_warehouse manual__2026-03-18T10:22:57.603760+00:00 [queued]>
[2026-03-18T10:22:59.569+0000] {taskinstance.py:1159} INFO - Dependencies all met for dep_context=requeueable deps ti=<TaskInstance: Manar_Retail_Warehouse_V1.build_retail_data_warehouse manual__2026-03-18T10:22:57.603760+00:00 [queued]>
[2026-03-18T10:22:59.570+0000] {taskinstance.py:1361} INFO - Starting attempt 1 of 2
[2026-03-18T10:22:59.607+0000] {taskinstance.py:1382} INFO - Executing <Task(PythonOperator): build_retail_data_warehouse> on 2026-03-18 10:22:57.603760+00:00
[2026-03-18T10:22:59.621+0000] {standard_task_runner.py:57} INFO - Started process 94 to run task
[2026-03-18T10:22:59.629+0000] {standard_task_runner.py:84} INFO - Running: ['***', 'tasks', 'run', 'Manar_Retail_Warehouse_V1', 'build_retail_data_warehouse', 'manual__2026-03-18T10:22:57.603760+00:00', '--job-id', '7', '--raw', '--subdir', 'DAGS_FOLDER/DAG.py', '--cfg-path', '/tmp/tmpagnfdl9j']
[2026-03-18T10:22:59.636+0000] {standard_task_runner.py:85} INFO - Job 7: Subtask build_retail_data_warehouse
[2026-03-18T10:22:59.883+0000] {task_command.py:416} INFO - Running <TaskInstance: Manar_Retail_Warehouse_V1.build_retail_data_warehouse manual__2026-03-18T10:22:57.603760+00:00 [running]> on host ***-worker
[2026-03-18T10:23:00.375+0000] {taskinstance.py:1662} INFO - Exporting env vars: AIRFLOW_CTX_DAG_OWNER='Manar_ALtyp' AIRFLOW_CTX_DAG_ID='Manar_Retail_Warehouse_V1' AIRFLOW_CTX_TASK_ID='build_retail_data_warehouse' AIRFLOW_CTX_EXECUTION_DATE='2026-03-18T10:22:57.603760+00:00' AIRFLOW_CTX_TRY_NUMBER='1' AIRFLOW_CTX_DAG_RUN_ID='manual__2026-03-18T10:22:57.603760+00:00'
[2026-03-18T10:23:00.378+0000] {logging_mixin.py:154} INFO - Warning: File sales_2025_01.csv not found!
[2026-03-18T10:23:00.379+0000] {logging_mixin.py:154} INFO - Warning: File sales_2025_02.csv not found!
[2026-03-18T10:23:00.380+0000] {logging_mixin.py:154} INFO - Warning: File sales_2025_03.csv not found!
[2026-03-18T10:23:00.382+0000] {taskinstance.py:1937} ERROR - Task failed with exception
Traceback (most recent call last):
  File "/home/airflow/.local/lib/python3.11/site-packages/airflow/operators/python.py", line 192, in execute
    return_value = self.execute_callable()
                   ^^^^^^^^^^^^^^^^^^^^^^^
  File "/home/airflow/.local/lib/python3.11/site-packages/airflow/operators/python.py", line 209, in execute_callable
    return self.python_callable(*self.op_args, **self.op_kwargs)
           ^^^^^^^^^^^^^^^^^^^^^^^^^^^^^^^^^^^^^^^^^^^^^^^^^^^^^
  File "/opt/airflow/dags/DAG.py", line 24, in run_retail_etl_process
    raise Exception("No CSV files found to process!")
Exception: No CSV files found to process!
[2026-03-18T10:23:00.507+0000] {taskinstance.py:1400} INFO - Marking task as UP_FOR_RETRY. dag_id=Manar_Retail_Warehouse_V1, task_id=build_retail_data_warehouse, execution_date=20260318T102257, start_date=20260318T102259, end_date=20260318T102300
[2026-03-18T10:23:00.556+0000] {standard_task_runner.py:104} ERROR - Failed to execute job 7 for task build_retail_data_warehouse (No CSV files found to process!; 94)
[2026-03-18T10:23:00.616+0000] {local_task_job_runner.py:228} INFO - Task exited with return code 1
[2026-03-18T10:23:00.759+0000] {taskinstance.py:2778} INFO - 0 downstream tasks scheduled from follow-on schedule check
